[2m2021-05-25 09:45:10.633[0;39m [32m INFO[0;39m [35m7784[0;39m [2m---[0;39m [2m[  restartedMain][0;39m [36m.e.DevToolsPropertyDefaultsPostProcessor[0;39m [2m:[0;39m Devtools property defaults active! Set 'spring.devtools.add-properties' to 'false' to disable
[2m2021-05-25 09:45:10.636[0;39m [32m INFO[0;39m [35m7784[0;39m [2m---[0;39m [2m[  restartedMain][0;39m [36m.e.DevToolsPropertyDefaultsPostProcessor[0;39m [2m:[0;39m For additional web related logging consider setting the 'logging.level.web' property to 'DEBUG'
[2m2021-05-25 09:45:11.423[0;39m [33m WARN[0;39m [35m7784[0;39m [2m---[0;39m [2m[  restartedMain][0;39m [36mo.m.s.mapper.ClassPathMapperScanner     [0;39m [2m:[0;39m No MyBatis mapper was found in '[com.ssafy.happyhouse]' package. Please check your configuration.
[2m2021-05-25 09:45:11.743[0;39m [32m INFO[0;39m [35m7784[0;39m [2m---[0;39m [2m[  restartedMain][0;39m [36mo.s.b.w.embedded.tomcat.TomcatWebServer [0;39m [2m:[0;39m Tomcat initialized with port(s): 8100 (http)
[2m2021-05-25 09:45:11.911[0;39m [32m INFO[0;39m [35m7784[0;39m [2m---[0;39m [2m[  restartedMain][0;39m [36mw.s.c.ServletWebServerApplicationContext[0;39m [2m:[0;39m Root WebApplicationContext: initialization completed in 1274 ms
[2m2021-05-25 09:45:12.472[0;39m [32m INFO[0;39m [35m7784[0;39m [2m---[0;39m [2m[  restartedMain][0;39m [36mo.s.s.concurrent.ThreadPoolTaskExecutor [0;39m [2m:[0;39m Initializing ExecutorService 'applicationTaskExecutor'
[2m2021-05-25 09:45:12.503[0;39m [32m INFO[0;39m [35m7784[0;39m [2m---[0;39m [2m[  restartedMain][0;39m [36mo.s.b.d.a.OptionalLiveReloadServer      [0;39m [2m:[0;39m LiveReload server is running on port 35729
[2m2021-05-25 09:45:12.629[0;39m [32m INFO[0;39m [35m7784[0;39m [2m---[0;39m [2m[  restartedMain][0;39m [36mo.s.b.w.embedded.tomcat.TomcatWebServer [0;39m [2m:[0;39m Tomcat started on port(s): 8100 (http) with context path '/happyhouse_final'
[2m2021-05-25 09:45:57.792[0;39m [32m INFO[0;39m [35m7784[0;39m [2m---[0;39m [2m[nio-8100-exec-1][0;39m [36mo.s.web.servlet.DispatcherServlet       [0;39m [2m:[0;39m Initializing Servlet 'dispatcherServlet'
[2m2021-05-25 09:45:57.794[0;39m [32m INFO[0;39m [35m7784[0;39m [2m---[0;39m [2m[nio-8100-exec-1][0;39m [36mo.s.web.servlet.DispatcherServlet       [0;39m [2m:[0;39m Completed initialization in 1 ms
[2m2021-05-25 10:13:47.027[0;39m [33m WARN[0;39m [35m7784[0;39m [2m---[0;39m [2m[nio-8100-exec-9][0;39m [36m.w.s.m.s.DefaultHandlerExceptionResolver[0;39m [2m:[0;39m Resolved [org.springframework.web.method.annotation.MethodArgumentTypeMismatchException: Failed to convert value of type 'java.lang.String' to required type 'int'; nested exception is java.lang.NumberFormatException: For input string: "undefined"]
[2m2021-05-25 10:29:17.464[0;39m [32m INFO[0;39m [35m7784[0;39m [2m---[0;39m [2m[       Thread-5][0;39m [36mo.s.s.concurrent.ThreadPoolTaskExecutor [0;39m [2m:[0;39m Shutting down ExecutorService 'applicationTaskExecutor'
[2m2021-05-25 10:29:18.094[0;39m [33m WARN[0;39m [35m7784[0;39m [2m---[0;39m [2m[  restartedMain][0;39m [36mo.m.s.mapper.ClassPathMapperScanner     [0;39m [2m:[0;39m No MyBatis mapper was found in '[com.ssafy.happyhouse]' package. Please check your configuration.
[2m2021-05-25 10:29:18.173[0;39m [32m INFO[0;39m [35m7784[0;39m [2m---[0;39m [2m[  restartedMain][0;39m [36mo.s.b.w.embedded.tomcat.TomcatWebServer [0;39m [2m:[0;39m Tomcat initialized with port(s): 8100 (http)
[2m2021-05-25 10:29:18.244[0;39m [32m INFO[0;39m [35m7784[0;39m [2m---[0;39m [2m[  restartedMain][0;39m [36mw.s.c.ServletWebServerApplicationContext[0;39m [2m:[0;39m Root WebApplicationContext: initialization completed in 568 ms
[2m2021-05-25 10:29:18.444[0;39m [32m INFO[0;39m [35m7784[0;39m [2m---[0;39m [2m[  restartedMain][0;39m [36mo.s.s.concurrent.ThreadPoolTaskExecutor [0;39m [2m:[0;39m Initializing ExecutorService 'applicationTaskExecutor'
[2m2021-05-25 10:29:18.451[0;39m [32m INFO[0;39m [35m7784[0;39m [2m---[0;39m [2m[  restartedMain][0;39m [36mo.s.b.d.a.OptionalLiveReloadServer      [0;39m [2m:[0;39m LiveReload server is running on port 35729
[2m2021-05-25 10:29:18.503[0;39m [32m INFO[0;39m [35m7784[0;39m [2m---[0;39m [2m[  restartedMain][0;39m [36mo.s.b.w.embedded.tomcat.TomcatWebServer [0;39m [2m:[0;39m Tomcat started on port(s): 8100 (http) with context path '/happyhouse_final'
[2m2021-05-25 10:29:18.593[0;39m [32m INFO[0;39m [35m7784[0;39m [2m---[0;39m [2m[  restartedMain][0;39m [36m.ConditionEvaluationDeltaLoggingListener[0;39m [2m:[0;39m Condition evaluation unchanged
[2m2021-05-25 10:29:23.304[0;39m [32m INFO[0;39m [35m7784[0;39m [2m---[0;39m [2m[nio-8100-exec-1][0;39m [36mo.s.web.servlet.DispatcherServlet       [0;39m [2m:[0;39m Initializing Servlet 'dispatcherServlet'
[2m2021-05-25 10:29:23.306[0;39m [32m INFO[0;39m [35m7784[0;39m [2m---[0;39m [2m[nio-8100-exec-1][0;39m [36mo.s.web.servlet.DispatcherServlet       [0;39m [2m:[0;39m Completed initialization in 1 ms
[2m2021-05-25 10:29:34.590[0;39m [32m INFO[0;39m [35m7784[0;39m [2m---[0;39m [2m[       Thread-9][0;39m [36mo.s.s.concurrent.ThreadPoolTaskExecutor [0;39m [2m:[0;39m Shutting down ExecutorService 'applicationTaskExecutor'
[2m2021-05-25 10:29:35.034[0;39m [33m WARN[0;39m [35m7784[0;39m [2m---[0;39m [2m[  restartedMain][0;39m [36mo.m.s.mapper.ClassPathMapperScanner     [0;39m [2m:[0;39m No MyBatis mapper was found in '[com.ssafy.happyhouse]' package. Please check your configuration.
[2m2021-05-25 10:29:35.095[0;39m [32m INFO[0;39m [35m7784[0;39m [2m---[0;39m [2m[  restartedMain][0;39m [36mo.s.b.w.embedded.tomcat.TomcatWebServer [0;39m [2m:[0;39m Tomcat initialized with port(s): 8100 (http)
[2m2021-05-25 10:29:35.146[0;39m [32m INFO[0;39m [35m7784[0;39m [2m---[0;39m [2m[  restartedMain][0;39m [36mw.s.c.ServletWebServerApplicationContext[0;39m [2m:[0;39m Root WebApplicationContext: initialization completed in 397 ms
[2m2021-05-25 10:29:35.274[0;39m [32m INFO[0;39m [35m7784[0;39m [2m---[0;39m [2m[  restartedMain][0;39m [36mo.s.s.concurrent.ThreadPoolTaskExecutor [0;39m [2m:[0;39m Initializing ExecutorService 'applicationTaskExecutor'
[2m2021-05-25 10:29:35.278[0;39m [32m INFO[0;39m [35m7784[0;39m [2m---[0;39m [2m[  restartedMain][0;39m [36mo.s.b.d.a.OptionalLiveReloadServer      [0;39m [2m:[0;39m LiveReload server is running on port 35729
[2m2021-05-25 10:29:35.308[0;39m [32m INFO[0;39m [35m7784[0;39m [2m---[0;39m [2m[  restartedMain][0;39m [36mo.s.b.w.embedded.tomcat.TomcatWebServer [0;39m [2m:[0;39m Tomcat started on port(s): 8100 (http) with context path '/happyhouse_final'
[2m2021-05-25 10:29:35.313[0;39m [32m INFO[0;39m [35m7784[0;39m [2m---[0;39m [2m[nio-8100-exec-1][0;39m [36mo.s.web.servlet.DispatcherServlet       [0;39m [2m:[0;39m Initializing Servlet 'dispatcherServlet'
[2m2021-05-25 10:29:35.315[0;39m [32m INFO[0;39m [35m7784[0;39m [2m---[0;39m [2m[nio-8100-exec-1][0;39m [36mo.s.web.servlet.DispatcherServlet       [0;39m [2m:[0;39m Completed initialization in 0 ms
[2m2021-05-25 10:29:35.369[0;39m [32m INFO[0;39m [35m7784[0;39m [2m---[0;39m [2m[  restartedMain][0;39m [36m.ConditionEvaluationDeltaLoggingListener[0;39m [2m:[0;39m Condition evaluation unchanged
[2m2021-05-25 11:29:32.105[0;39m [32m INFO[0;39m [35m7784[0;39m [2m---[0;39m [2m[      Thread-14][0;39m [36mo.s.s.concurrent.ThreadPoolTaskExecutor [0;39m [2m:[0;39m Shutting down ExecutorService 'applicationTaskExecutor'
[2m2021-05-25 11:29:32.618[0;39m [33m WARN[0;39m [35m7784[0;39m [2m---[0;39m [2m[  restartedMain][0;39m [36mo.m.s.mapper.ClassPathMapperScanner     [0;39m [2m:[0;39m No MyBatis mapper was found in '[com.ssafy.happyhouse]' package. Please check your configuration.
[2m2021-05-25 11:29:32.684[0;39m [32m INFO[0;39m [35m7784[0;39m [2m---[0;39m [2m[  restartedMain][0;39m [36mo.s.b.w.embedded.tomcat.TomcatWebServer [0;39m [2m:[0;39m Tomcat initialized with port(s): 8100 (http)
[2m2021-05-25 11:29:32.732[0;39m [32m INFO[0;39m [35m7784[0;39m [2m---[0;39m [2m[  restartedMain][0;39m [36mw.s.c.ServletWebServerApplicationContext[0;39m [2m:[0;39m Root WebApplicationContext: initialization completed in 404 ms
[2m2021-05-25 11:29:32.860[0;39m [32m INFO[0;39m [35m7784[0;39m [2m---[0;39m [2m[  restartedMain][0;39m [36mo.s.s.concurrent.ThreadPoolTaskExecutor [0;39m [2m:[0;39m Initializing ExecutorService 'applicationTaskExecutor'
[2m2021-05-25 11:29:32.865[0;39m [32m INFO[0;39m [35m7784[0;39m [2m---[0;39m [2m[  restartedMain][0;39m [36mo.s.b.d.a.OptionalLiveReloadServer      [0;39m [2m:[0;39m LiveReload server is running on port 35729
[2m2021-05-25 11:29:32.895[0;39m [32m INFO[0;39m [35m7784[0;39m [2m---[0;39m [2m[  restartedMain][0;39m [36mo.s.b.w.embedded.tomcat.TomcatWebServer [0;39m [2m:[0;39m Tomcat started on port(s): 8100 (http) with context path '/happyhouse_final'
[2m2021-05-25 11:29:32.912[0;39m [32m INFO[0;39m [35m7784[0;39m [2m---[0;39m [2m[nio-8100-exec-1][0;39m [36mo.s.web.servlet.DispatcherServlet       [0;39m [2m:[0;39m Initializing Servlet 'dispatcherServlet'
[2m2021-05-25 11:29:32.914[0;39m [32m INFO[0;39m [35m7784[0;39m [2m---[0;39m [2m[nio-8100-exec-1][0;39m [36mo.s.web.servlet.DispatcherServlet       [0;39m [2m:[0;39m Completed initialization in 1 ms
[2m2021-05-25 11:29:32.948[0;39m [32m INFO[0;39m [35m7784[0;39m [2m---[0;39m [2m[  restartedMain][0;39m [36m.ConditionEvaluationDeltaLoggingListener[0;39m [2m:[0;39m Condition evaluation unchanged
[2m2021-05-25 13:20:13.210[0;39m [33m WARN[0;39m [35m7784[0;39m [2m---[0;39m [2m[nio-8100-exec-8][0;39m [36m.w.s.m.s.DefaultHandlerExceptionResolver[0;39m [2m:[0;39m Resolved [org.springframework.web.method.annotation.MethodArgumentTypeMismatchException: Failed to convert value of type 'java.lang.String' to required type 'int'; nested exception is java.lang.NumberFormatException: For input string: "undefined"]
[2m2021-05-25 13:23:25.092[0;39m [33m WARN[0;39m [35m7784[0;39m [2m---[0;39m [2m[nio-8100-exec-9][0;39m [36m.w.s.m.s.DefaultHandlerExceptionResolver[0;39m [2m:[0;39m Resolved [org.springframework.web.method.annotation.MethodArgumentTypeMismatchException: Failed to convert value of type 'java.lang.String' to required type 'int'; nested exception is java.lang.NumberFormatException: For input string: "undefined"]
[2m2021-05-25 18:15:32.611[0;39m [32m INFO[0;39m [35m7784[0;39m [2m---[0;39m [2m[on(2)-127.0.0.1][0;39m [36minMXBeanRegistrar$SpringApplicationAdmin[0;39m [2m:[0;39m Application shutdown requested.
[2m2021-05-25 18:15:32.888[0;39m [32m INFO[0;39m [35m7784[0;39m [2m---[0;39m [2m[on(2)-127.0.0.1][0;39m [36mo.s.s.concurrent.ThreadPoolTaskExecutor [0;39m [2m:[0;39m Shutting down ExecutorService 'applicationTaskExecutor'
