[2m2021-05-26 09:19:06.187[0;39m [32m INFO[0;39m [35m23232[0;39m [2m---[0;39m [2m[  restartedMain][0;39m [36m.e.DevToolsPropertyDefaultsPostProcessor[0;39m [2m:[0;39m Devtools property defaults active! Set 'spring.devtools.add-properties' to 'false' to disable
[2m2021-05-26 09:19:06.195[0;39m [32m INFO[0;39m [35m23232[0;39m [2m---[0;39m [2m[  restartedMain][0;39m [36m.e.DevToolsPropertyDefaultsPostProcessor[0;39m [2m:[0;39m For additional web related logging consider setting the 'logging.level.web' property to 'DEBUG'
[2m2021-05-26 09:19:07.227[0;39m [33m WARN[0;39m [35m23232[0;39m [2m---[0;39m [2m[  restartedMain][0;39m [36mo.m.s.mapper.ClassPathMapperScanner     [0;39m [2m:[0;39m No MyBatis mapper was found in '[com.ssafy.happyhouse]' package. Please check your configuration.
[2m2021-05-26 09:19:07.725[0;39m [32m INFO[0;39m [35m23232[0;39m [2m---[0;39m [2m[  restartedMain][0;39m [36mo.s.b.w.embedded.tomcat.TomcatWebServer [0;39m [2m:[0;39m Tomcat initialized with port(s): 8100 (http)
[2m2021-05-26 09:19:08.012[0;39m [32m INFO[0;39m [35m23232[0;39m [2m---[0;39m [2m[  restartedMain][0;39m [36mw.s.c.ServletWebServerApplicationContext[0;39m [2m:[0;39m Root WebApplicationContext: initialization completed in 1815 ms
[2m2021-05-26 09:19:08.926[0;39m [32m INFO[0;39m [35m23232[0;39m [2m---[0;39m [2m[  restartedMain][0;39m [36mo.s.s.concurrent.ThreadPoolTaskExecutor [0;39m [2m:[0;39m Initializing ExecutorService 'applicationTaskExecutor'
[2m2021-05-26 09:19:08.976[0;39m [32m INFO[0;39m [35m23232[0;39m [2m---[0;39m [2m[  restartedMain][0;39m [36mo.s.b.d.a.OptionalLiveReloadServer      [0;39m [2m:[0;39m LiveReload server is running on port 35729
[2m2021-05-26 09:19:09.209[0;39m [32m INFO[0;39m [35m23232[0;39m [2m---[0;39m [2m[  restartedMain][0;39m [36mo.s.b.w.embedded.tomcat.TomcatWebServer [0;39m [2m:[0;39m Tomcat started on port(s): 8100 (http) with context path '/happyhouse_final'
[2m2021-05-26 09:33:36.028[0;39m [32m INFO[0;39m [35m23232[0;39m [2m---[0;39m [2m[nio-8100-exec-1][0;39m [36mo.s.web.servlet.DispatcherServlet       [0;39m [2m:[0;39m Initializing Servlet 'dispatcherServlet'
[2m2021-05-26 09:33:36.029[0;39m [32m INFO[0;39m [35m23232[0;39m [2m---[0;39m [2m[nio-8100-exec-1][0;39m [36mo.s.web.servlet.DispatcherServlet       [0;39m [2m:[0;39m Completed initialization in 1 ms
[2m2021-05-26 09:50:27.139[0;39m [33m WARN[0;39m [35m23232[0;39m [2m---[0;39m [2m[nio-8100-exec-9][0;39m [36m.w.s.m.s.DefaultHandlerExceptionResolver[0;39m [2m:[0;39m Resolved [org.springframework.web.method.annotation.MethodArgumentTypeMismatchException: Failed to convert value of type 'java.lang.String' to required type 'int'; nested exception is java.lang.NumberFormatException: For input string: "undefined"]
[2m2021-05-26 12:10:07.847[0;39m [32m INFO[0;39m [35m23232[0;39m [2m---[0;39m [2m[on(2)-127.0.0.1][0;39m [36minMXBeanRegistrar$SpringApplicationAdmin[0;39m [2m:[0;39m Application shutdown requested.
[2m2021-05-26 12:10:08.114[0;39m [32m INFO[0;39m [35m23232[0;39m [2m---[0;39m [2m[on(2)-127.0.0.1][0;39m [36mo.s.s.concurrent.ThreadPoolTaskExecutor [0;39m [2m:[0;39m Shutting down ExecutorService 'applicationTaskExecutor'
[2m2021-05-26 14:09:34.566[0;39m [32m INFO[0;39m [35m26116[0;39m [2m---[0;39m [2m[  restartedMain][0;39m [36m.e.DevToolsPropertyDefaultsPostProcessor[0;39m [2m:[0;39m Devtools property defaults active! Set 'spring.devtools.add-properties' to 'false' to disable
[2m2021-05-26 14:09:34.568[0;39m [32m INFO[0;39m [35m26116[0;39m [2m---[0;39m [2m[  restartedMain][0;39m [36m.e.DevToolsPropertyDefaultsPostProcessor[0;39m [2m:[0;39m For additional web related logging consider setting the 'logging.level.web' property to 'DEBUG'
[2m2021-05-26 14:09:35.315[0;39m [33m WARN[0;39m [35m26116[0;39m [2m---[0;39m [2m[  restartedMain][0;39m [36mo.m.s.mapper.ClassPathMapperScanner     [0;39m [2m:[0;39m No MyBatis mapper was found in '[com.ssafy.happyhouse]' package. Please check your configuration.
[2m2021-05-26 14:09:35.613[0;39m [32m INFO[0;39m [35m26116[0;39m [2m---[0;39m [2m[  restartedMain][0;39m [36mo.s.b.w.embedded.tomcat.TomcatWebServer [0;39m [2m:[0;39m Tomcat initialized with port(s): 8100 (http)
[2m2021-05-26 14:09:35.806[0;39m [32m INFO[0;39m [35m26116[0;39m [2m---[0;39m [2m[  restartedMain][0;39m [36mw.s.c.ServletWebServerApplicationContext[0;39m [2m:[0;39m Root WebApplicationContext: initialization completed in 1237 ms
[2m2021-05-26 14:09:36.373[0;39m [32m INFO[0;39m [35m26116[0;39m [2m---[0;39m [2m[  restartedMain][0;39m [36mo.s.s.concurrent.ThreadPoolTaskExecutor [0;39m [2m:[0;39m Initializing ExecutorService 'applicationTaskExecutor'
[2m2021-05-26 14:09:36.400[0;39m [32m INFO[0;39m [35m26116[0;39m [2m---[0;39m [2m[  restartedMain][0;39m [36mo.s.b.d.a.OptionalLiveReloadServer      [0;39m [2m:[0;39m LiveReload server is running on port 35729
[2m2021-05-26 14:09:36.528[0;39m [32m INFO[0;39m [35m26116[0;39m [2m---[0;39m [2m[  restartedMain][0;39m [36mo.s.b.w.embedded.tomcat.TomcatWebServer [0;39m [2m:[0;39m Tomcat started on port(s): 8100 (http) with context path '/happyhouse_final'
[2m2021-05-26 14:09:43.444[0;39m [32m INFO[0;39m [35m26116[0;39m [2m---[0;39m [2m[nio-8100-exec-1][0;39m [36mo.s.web.servlet.DispatcherServlet       [0;39m [2m:[0;39m Initializing Servlet 'dispatcherServlet'
[2m2021-05-26 14:09:43.446[0;39m [32m INFO[0;39m [35m26116[0;39m [2m---[0;39m [2m[nio-8100-exec-1][0;39m [36mo.s.web.servlet.DispatcherServlet       [0;39m [2m:[0;39m Completed initialization in 1 ms
[2m2021-05-26 17:53:25.553[0;39m [32m INFO[0;39m [35m26116[0;39m [2m---[0;39m [2m[on(2)-127.0.0.1][0;39m [36minMXBeanRegistrar$SpringApplicationAdmin[0;39m [2m:[0;39m Application shutdown requested.
[2m2021-05-26 17:53:25.814[0;39m [32m INFO[0;39m [35m26116[0;39m [2m---[0;39m [2m[on(2)-127.0.0.1][0;39m [36mo.s.s.concurrent.ThreadPoolTaskExecutor [0;39m [2m:[0;39m Shutting down ExecutorService 'applicationTaskExecutor'
[2m2021-05-26 22:40:57.255[0;39m [32m INFO[0;39m [35m1436[0;39m [2m---[0;39m [2m[  restartedMain][0;39m [36m.e.DevToolsPropertyDefaultsPostProcessor[0;39m [2m:[0;39m Devtools property defaults active! Set 'spring.devtools.add-properties' to 'false' to disable
[2m2021-05-26 22:40:57.257[0;39m [32m INFO[0;39m [35m1436[0;39m [2m---[0;39m [2m[  restartedMain][0;39m [36m.e.DevToolsPropertyDefaultsPostProcessor[0;39m [2m:[0;39m For additional web related logging consider setting the 'logging.level.web' property to 'DEBUG'
[2m2021-05-26 22:40:58.035[0;39m [33m WARN[0;39m [35m1436[0;39m [2m---[0;39m [2m[  restartedMain][0;39m [36mo.m.s.mapper.ClassPathMapperScanner     [0;39m [2m:[0;39m No MyBatis mapper was found in '[com.ssafy.happyhouse]' package. Please check your configuration.
[2m2021-05-26 22:40:58.335[0;39m [32m INFO[0;39m [35m1436[0;39m [2m---[0;39m [2m[  restartedMain][0;39m [36mo.s.b.w.embedded.tomcat.TomcatWebServer [0;39m [2m:[0;39m Tomcat initialized with port(s): 8100 (http)
[2m2021-05-26 22:40:58.527[0;39m [32m INFO[0;39m [35m1436[0;39m [2m---[0;39m [2m[  restartedMain][0;39m [36mw.s.c.ServletWebServerApplicationContext[0;39m [2m:[0;39m Root WebApplicationContext: initialization completed in 1269 ms
[2m2021-05-26 22:40:59.086[0;39m [32m INFO[0;39m [35m1436[0;39m [2m---[0;39m [2m[  restartedMain][0;39m [36mo.s.s.concurrent.ThreadPoolTaskExecutor [0;39m [2m:[0;39m Initializing ExecutorService 'applicationTaskExecutor'
[2m2021-05-26 22:40:59.115[0;39m [32m INFO[0;39m [35m1436[0;39m [2m---[0;39m [2m[  restartedMain][0;39m [36mo.s.b.d.a.OptionalLiveReloadServer      [0;39m [2m:[0;39m LiveReload server is running on port 35729
[2m2021-05-26 22:40:59.236[0;39m [32m INFO[0;39m [35m1436[0;39m [2m---[0;39m [2m[  restartedMain][0;39m [36mo.s.b.w.embedded.tomcat.TomcatWebServer [0;39m [2m:[0;39m Tomcat started on port(s): 8100 (http) with context path '/happyhouse_final'
[2m2021-05-26 22:45:08.720[0;39m [32m INFO[0;39m [35m1436[0;39m [2m---[0;39m [2m[nio-8100-exec-1][0;39m [36mo.s.web.servlet.DispatcherServlet       [0;39m [2m:[0;39m Initializing Servlet 'dispatcherServlet'
[2m2021-05-26 22:45:08.721[0;39m [32m INFO[0;39m [35m1436[0;39m [2m---[0;39m [2m[nio-8100-exec-1][0;39m [36mo.s.web.servlet.DispatcherServlet       [0;39m [2m:[0;39m Completed initialization in 1 ms
[2m2021-05-26 23:20:14.177[0;39m [32m INFO[0;39m [35m1436[0;39m [2m---[0;39m [2m[       Thread-5][0;39m [36mo.s.s.concurrent.ThreadPoolTaskExecutor [0;39m [2m:[0;39m Shutting down ExecutorService 'applicationTaskExecutor'
[2m2021-05-26 23:20:14.652[0;39m [33m WARN[0;39m [35m1436[0;39m [2m---[0;39m [2m[  restartedMain][0;39m [36mo.m.s.mapper.ClassPathMapperScanner     [0;39m [2m:[0;39m No MyBatis mapper was found in '[com.ssafy.happyhouse]' package. Please check your configuration.
[2m2021-05-26 23:20:14.714[0;39m [32m INFO[0;39m [35m1436[0;39m [2m---[0;39m [2m[  restartedMain][0;39m [36mo.s.b.w.embedded.tomcat.TomcatWebServer [0;39m [2m:[0;39m Tomcat initialized with port(s): 8100 (http)
[2m2021-05-26 23:20:14.765[0;39m [32m INFO[0;39m [35m1436[0;39m [2m---[0;39m [2m[  restartedMain][0;39m [36mw.s.c.ServletWebServerApplicationContext[0;39m [2m:[0;39m Root WebApplicationContext: initialization completed in 425 ms
[2m2021-05-26 23:20:14.927[0;39m [32m INFO[0;39m [35m1436[0;39m [2m---[0;39m [2m[  restartedMain][0;39m [36mo.s.s.concurrent.ThreadPoolTaskExecutor [0;39m [2m:[0;39m Initializing ExecutorService 'applicationTaskExecutor'
[2m2021-05-26 23:20:14.933[0;39m [32m INFO[0;39m [35m1436[0;39m [2m---[0;39m [2m[  restartedMain][0;39m [36mo.s.b.d.a.OptionalLiveReloadServer      [0;39m [2m:[0;39m LiveReload server is running on port 35729
[2m2021-05-26 23:20:14.977[0;39m [32m INFO[0;39m [35m1436[0;39m [2m---[0;39m [2m[  restartedMain][0;39m [36mo.s.b.w.embedded.tomcat.TomcatWebServer [0;39m [2m:[0;39m Tomcat started on port(s): 8100 (http) with context path '/happyhouse_final'
[2m2021-05-26 23:20:15.032[0;39m [32m INFO[0;39m [35m1436[0;39m [2m---[0;39m [2m[  restartedMain][0;39m [36m.ConditionEvaluationDeltaLoggingListener[0;39m [2m:[0;39m Condition evaluation unchanged
[2m2021-05-26 23:20:39.277[0;39m [32m INFO[0;39m [35m1436[0;39m [2m---[0;39m [2m[       Thread-9][0;39m [36mo.s.s.concurrent.ThreadPoolTaskExecutor [0;39m [2m:[0;39m Shutting down ExecutorService 'applicationTaskExecutor'
[2m2021-05-26 23:20:39.712[0;39m [33m WARN[0;39m [35m1436[0;39m [2m---[0;39m [2m[  restartedMain][0;39m [36mo.m.s.mapper.ClassPathMapperScanner     [0;39m [2m:[0;39m No MyBatis mapper was found in '[com.ssafy.happyhouse]' package. Please check your configuration.
[2m2021-05-26 23:20:39.746[0;39m [32m INFO[0;39m [35m1436[0;39m [2m---[0;39m [2m[  restartedMain][0;39m [36mo.s.b.w.embedded.tomcat.TomcatWebServer [0;39m [2m:[0;39m Tomcat initialized with port(s): 8100 (http)
[2m2021-05-26 23:20:39.797[0;39m [32m INFO[0;39m [35m1436[0;39m [2m---[0;39m [2m[  restartedMain][0;39m [36mw.s.c.ServletWebServerApplicationContext[0;39m [2m:[0;39m Root WebApplicationContext: initialization completed in 366 ms
[2m2021-05-26 23:20:39.928[0;39m [32m INFO[0;39m [35m1436[0;39m [2m---[0;39m [2m[  restartedMain][0;39m [36mo.s.s.concurrent.ThreadPoolTaskExecutor [0;39m [2m:[0;39m Initializing ExecutorService 'applicationTaskExecutor'
[2m2021-05-26 23:20:39.933[0;39m [32m INFO[0;39m [35m1436[0;39m [2m---[0;39m [2m[  restartedMain][0;39m [36mo.s.b.d.a.OptionalLiveReloadServer      [0;39m [2m:[0;39m LiveReload server is running on port 35729
[2m2021-05-26 23:20:39.969[0;39m [32m INFO[0;39m [35m1436[0;39m [2m---[0;39m [2m[  restartedMain][0;39m [36mo.s.b.w.embedded.tomcat.TomcatWebServer [0;39m [2m:[0;39m Tomcat started on port(s): 8100 (http) with context path '/happyhouse_final'
[2m2021-05-26 23:20:40.019[0;39m [32m INFO[0;39m [35m1436[0;39m [2m---[0;39m [2m[  restartedMain][0;39m [36m.ConditionEvaluationDeltaLoggingListener[0;39m [2m:[0;39m Condition evaluation unchanged
[2m2021-05-26 23:21:01.205[0;39m [32m INFO[0;39m [35m1436[0;39m [2m---[0;39m [2m[      Thread-14][0;39m [36mo.s.s.concurrent.ThreadPoolTaskExecutor [0;39m [2m:[0;39m Shutting down ExecutorService 'applicationTaskExecutor'
[2m2021-05-26 23:21:01.677[0;39m [33m WARN[0;39m [35m1436[0;39m [2m---[0;39m [2m[  restartedMain][0;39m [36mo.m.s.mapper.ClassPathMapperScanner     [0;39m [2m:[0;39m No MyBatis mapper was found in '[com.ssafy.happyhouse]' package. Please check your configuration.
[2m2021-05-26 23:21:01.743[0;39m [32m INFO[0;39m [35m1436[0;39m [2m---[0;39m [2m[  restartedMain][0;39m [36mo.s.b.w.embedded.tomcat.TomcatWebServer [0;39m [2m:[0;39m Tomcat initialized with port(s): 8100 (http)
[2m2021-05-26 23:21:01.790[0;39m [32m INFO[0;39m [35m1436[0;39m [2m---[0;39m [2m[  restartedMain][0;39m [36mw.s.c.ServletWebServerApplicationContext[0;39m [2m:[0;39m Root WebApplicationContext: initialization completed in 415 ms
[2m2021-05-26 23:21:01.923[0;39m [32m INFO[0;39m [35m1436[0;39m [2m---[0;39m [2m[  restartedMain][0;39m [36mo.s.s.concurrent.ThreadPoolTaskExecutor [0;39m [2m:[0;39m Initializing ExecutorService 'applicationTaskExecutor'
[2m2021-05-26 23:21:01.927[0;39m [32m INFO[0;39m [35m1436[0;39m [2m---[0;39m [2m[  restartedMain][0;39m [36mo.s.b.d.a.OptionalLiveReloadServer      [0;39m [2m:[0;39m LiveReload server is running on port 35729
[2m2021-05-26 23:21:01.965[0;39m [32m INFO[0;39m [35m1436[0;39m [2m---[0;39m [2m[  restartedMain][0;39m [36mo.s.b.w.embedded.tomcat.TomcatWebServer [0;39m [2m:[0;39m Tomcat started on port(s): 8100 (http) with context path '/happyhouse_final'
[2m2021-05-26 23:21:02.014[0;39m [32m INFO[0;39m [35m1436[0;39m [2m---[0;39m [2m[  restartedMain][0;39m [36m.ConditionEvaluationDeltaLoggingListener[0;39m [2m:[0;39m Condition evaluation unchanged
[2m2021-05-26 23:21:12.916[0;39m [32m INFO[0;39m [35m1436[0;39m [2m---[0;39m [2m[      Thread-19][0;39m [36mo.s.s.concurrent.ThreadPoolTaskExecutor [0;39m [2m:[0;39m Shutting down ExecutorService 'applicationTaskExecutor'
[2m2021-05-26 23:21:13.329[0;39m [33m WARN[0;39m [35m1436[0;39m [2m---[0;39m [2m[  restartedMain][0;39m [36mo.m.s.mapper.ClassPathMapperScanner     [0;39m [2m:[0;39m No MyBatis mapper was found in '[com.ssafy.happyhouse]' package. Please check your configuration.
[2m2021-05-26 23:21:13.359[0;39m [32m INFO[0;39m [35m1436[0;39m [2m---[0;39m [2m[  restartedMain][0;39m [36mo.s.b.w.embedded.tomcat.TomcatWebServer [0;39m [2m:[0;39m Tomcat initialized with port(s): 8100 (http)
[2m2021-05-26 23:21:13.405[0;39m [32m INFO[0;39m [35m1436[0;39m [2m---[0;39m [2m[  restartedMain][0;39m [36mw.s.c.ServletWebServerApplicationContext[0;39m [2m:[0;39m Root WebApplicationContext: initialization completed in 348 ms
[2m2021-05-26 23:21:13.534[0;39m [32m INFO[0;39m [35m1436[0;39m [2m---[0;39m [2m[  restartedMain][0;39m [36mo.s.s.concurrent.ThreadPoolTaskExecutor [0;39m [2m:[0;39m Initializing ExecutorService 'applicationTaskExecutor'
[2m2021-05-26 23:21:13.539[0;39m [32m INFO[0;39m [35m1436[0;39m [2m---[0;39m [2m[  restartedMain][0;39m [36mo.s.b.d.a.OptionalLiveReloadServer      [0;39m [2m:[0;39m LiveReload server is running on port 35729
[2m2021-05-26 23:21:13.571[0;39m [32m INFO[0;39m [35m1436[0;39m [2m---[0;39m [2m[  restartedMain][0;39m [36mo.s.b.w.embedded.tomcat.TomcatWebServer [0;39m [2m:[0;39m Tomcat started on port(s): 8100 (http) with context path '/happyhouse_final'
[2m2021-05-26 23:21:13.615[0;39m [32m INFO[0;39m [35m1436[0;39m [2m---[0;39m [2m[  restartedMain][0;39m [36m.ConditionEvaluationDeltaLoggingListener[0;39m [2m:[0;39m Condition evaluation unchanged
[2m2021-05-26 23:22:12.820[0;39m [32m INFO[0;39m [35m1436[0;39m [2m---[0;39m [2m[      Thread-24][0;39m [36mo.s.s.concurrent.ThreadPoolTaskExecutor [0;39m [2m:[0;39m Shutting down ExecutorService 'applicationTaskExecutor'
[2m2021-05-26 23:22:13.181[0;39m [33m WARN[0;39m [35m1436[0;39m [2m---[0;39m [2m[  restartedMain][0;39m [36mo.m.s.mapper.ClassPathMapperScanner     [0;39m [2m:[0;39m No MyBatis mapper was found in '[com.ssafy.happyhouse]' package. Please check your configuration.
[2m2021-05-26 23:22:13.247[0;39m [32m INFO[0;39m [35m1436[0;39m [2m---[0;39m [2m[  restartedMain][0;39m [36mo.s.b.w.embedded.tomcat.TomcatWebServer [0;39m [2m:[0;39m Tomcat initialized with port(s): 8100 (http)
[2m2021-05-26 23:22:13.293[0;39m [32m INFO[0;39m [35m1436[0;39m [2m---[0;39m [2m[  restartedMain][0;39m [36mw.s.c.ServletWebServerApplicationContext[0;39m [2m:[0;39m Root WebApplicationContext: initialization completed in 400 ms
[2m2021-05-26 23:22:13.416[0;39m [32m INFO[0;39m [35m1436[0;39m [2m---[0;39m [2m[  restartedMain][0;39m [36mo.s.s.concurrent.ThreadPoolTaskExecutor [0;39m [2m:[0;39m Initializing ExecutorService 'applicationTaskExecutor'
[2m2021-05-26 23:22:13.422[0;39m [32m INFO[0;39m [35m1436[0;39m [2m---[0;39m [2m[  restartedMain][0;39m [36mo.s.b.d.a.OptionalLiveReloadServer      [0;39m [2m:[0;39m LiveReload server is running on port 35729
[2m2021-05-26 23:22:13.452[0;39m [32m INFO[0;39m [35m1436[0;39m [2m---[0;39m [2m[  restartedMain][0;39m [36mo.s.b.w.embedded.tomcat.TomcatWebServer [0;39m [2m:[0;39m Tomcat started on port(s): 8100 (http) with context path '/happyhouse_final'
[2m2021-05-26 23:22:13.498[0;39m [32m INFO[0;39m [35m1436[0;39m [2m---[0;39m [2m[  restartedMain][0;39m [36m.ConditionEvaluationDeltaLoggingListener[0;39m [2m:[0;39m Condition evaluation unchanged
[2m2021-05-26 23:22:18.979[0;39m [32m INFO[0;39m [35m1436[0;39m [2m---[0;39m [2m[nio-8100-exec-1][0;39m [36mo.s.web.servlet.DispatcherServlet       [0;39m [2m:[0;39m Initializing Servlet 'dispatcherServlet'
[2m2021-05-26 23:22:18.980[0;39m [32m INFO[0;39m [35m1436[0;39m [2m---[0;39m [2m[nio-8100-exec-1][0;39m [36mo.s.web.servlet.DispatcherServlet       [0;39m [2m:[0;39m Completed initialization in 0 ms
[2m2021-05-26 23:22:42.880[0;39m [32m INFO[0;39m [35m1436[0;39m [2m---[0;39m [2m[      Thread-29][0;39m [36mo.s.s.concurrent.ThreadPoolTaskExecutor [0;39m [2m:[0;39m Shutting down ExecutorService 'applicationTaskExecutor'
[2m2021-05-26 23:22:43.331[0;39m [33m WARN[0;39m [35m1436[0;39m [2m---[0;39m [2m[  restartedMain][0;39m [36mo.m.s.mapper.ClassPathMapperScanner     [0;39m [2m:[0;39m No MyBatis mapper was found in '[com.ssafy.happyhouse]' package. Please check your configuration.
[2m2021-05-26 23:22:43.381[0;39m [32m INFO[0;39m [35m1436[0;39m [2m---[0;39m [2m[  restartedMain][0;39m [36mo.s.b.w.embedded.tomcat.TomcatWebServer [0;39m [2m:[0;39m Tomcat initialized with port(s): 8100 (http)
[2m2021-05-26 23:22:43.424[0;39m [32m INFO[0;39m [35m1436[0;39m [2m---[0;39m [2m[  restartedMain][0;39m [36mw.s.c.ServletWebServerApplicationContext[0;39m [2m:[0;39m Root WebApplicationContext: initialization completed in 382 ms
[2m2021-05-26 23:22:43.540[0;39m [32m INFO[0;39m [35m1436[0;39m [2m---[0;39m [2m[  restartedMain][0;39m [36mo.s.s.concurrent.ThreadPoolTaskExecutor [0;39m [2m:[0;39m Initializing ExecutorService 'applicationTaskExecutor'
[2m2021-05-26 23:22:43.546[0;39m [32m INFO[0;39m [35m1436[0;39m [2m---[0;39m [2m[  restartedMain][0;39m [36mo.s.b.d.a.OptionalLiveReloadServer      [0;39m [2m:[0;39m LiveReload server is running on port 35729
[2m2021-05-26 23:22:43.577[0;39m [32m INFO[0;39m [35m1436[0;39m [2m---[0;39m [2m[  restartedMain][0;39m [36mo.s.b.w.embedded.tomcat.TomcatWebServer [0;39m [2m:[0;39m Tomcat started on port(s): 8100 (http) with context path '/happyhouse_final'
[2m2021-05-26 23:22:43.622[0;39m [32m INFO[0;39m [35m1436[0;39m [2m---[0;39m [2m[  restartedMain][0;39m [36m.ConditionEvaluationDeltaLoggingListener[0;39m [2m:[0;39m Condition evaluation unchanged
[2m2021-05-26 23:22:44.573[0;39m [32m INFO[0;39m [35m1436[0;39m [2m---[0;39m [2m[nio-8100-exec-1][0;39m [36mo.s.web.servlet.DispatcherServlet       [0;39m [2m:[0;39m Initializing Servlet 'dispatcherServlet'
[2m2021-05-26 23:22:44.575[0;39m [32m INFO[0;39m [35m1436[0;39m [2m---[0;39m [2m[nio-8100-exec-1][0;39m [36mo.s.web.servlet.DispatcherServlet       [0;39m [2m:[0;39m Completed initialization in 1 ms
[2m2021-05-26 23:23:01.702[0;39m [32m INFO[0;39m [35m1436[0;39m [2m---[0;39m [2m[      Thread-34][0;39m [36mo.s.s.concurrent.ThreadPoolTaskExecutor [0;39m [2m:[0;39m Shutting down ExecutorService 'applicationTaskExecutor'
[2m2021-05-26 23:23:02.119[0;39m [33m WARN[0;39m [35m1436[0;39m [2m---[0;39m [2m[  restartedMain][0;39m [36mo.m.s.mapper.ClassPathMapperScanner     [0;39m [2m:[0;39m No MyBatis mapper was found in '[com.ssafy.happyhouse]' package. Please check your configuration.
[2m2021-05-26 23:23:02.151[0;39m [32m INFO[0;39m [35m1436[0;39m [2m---[0;39m [2m[  restartedMain][0;39m [36mo.s.b.w.embedded.tomcat.TomcatWebServer [0;39m [2m:[0;39m Tomcat initialized with port(s): 8100 (http)
[2m2021-05-26 23:23:02.189[0;39m [32m INFO[0;39m [35m1436[0;39m [2m---[0;39m [2m[  restartedMain][0;39m [36mw.s.c.ServletWebServerApplicationContext[0;39m [2m:[0;39m Root WebApplicationContext: initialization completed in 351 ms
[2m2021-05-26 23:23:02.312[0;39m [32m INFO[0;39m [35m1436[0;39m [2m---[0;39m [2m[  restartedMain][0;39m [36mo.s.s.concurrent.ThreadPoolTaskExecutor [0;39m [2m:[0;39m Initializing ExecutorService 'applicationTaskExecutor'
[2m2021-05-26 23:23:02.317[0;39m [32m INFO[0;39m [35m1436[0;39m [2m---[0;39m [2m[  restartedMain][0;39m [36mo.s.b.d.a.OptionalLiveReloadServer      [0;39m [2m:[0;39m LiveReload server is running on port 35729
[2m2021-05-26 23:23:02.353[0;39m [32m INFO[0;39m [35m1436[0;39m [2m---[0;39m [2m[  restartedMain][0;39m [36mo.s.b.w.embedded.tomcat.TomcatWebServer [0;39m [2m:[0;39m Tomcat started on port(s): 8100 (http) with context path '/happyhouse_final'
[2m2021-05-26 23:23:02.397[0;39m [32m INFO[0;39m [35m1436[0;39m [2m---[0;39m [2m[  restartedMain][0;39m [36m.ConditionEvaluationDeltaLoggingListener[0;39m [2m:[0;39m Condition evaluation unchanged
[2m2021-05-26 23:23:09.799[0;39m [32m INFO[0;39m [35m1436[0;39m [2m---[0;39m [2m[nio-8100-exec-1][0;39m [36mo.s.web.servlet.DispatcherServlet       [0;39m [2m:[0;39m Initializing Servlet 'dispatcherServlet'
[2m2021-05-26 23:23:09.801[0;39m [32m INFO[0;39m [35m1436[0;39m [2m---[0;39m [2m[nio-8100-exec-1][0;39m [36mo.s.web.servlet.DispatcherServlet       [0;39m [2m:[0;39m Completed initialization in 1 ms
[2m2021-05-26 23:31:44.852[0;39m [32m INFO[0;39m [35m1436[0;39m [2m---[0;39m [2m[      Thread-39][0;39m [36mo.s.s.concurrent.ThreadPoolTaskExecutor [0;39m [2m:[0;39m Shutting down ExecutorService 'applicationTaskExecutor'
[2m2021-05-26 23:31:45.313[0;39m [33m WARN[0;39m [35m1436[0;39m [2m---[0;39m [2m[  restartedMain][0;39m [36mo.m.s.mapper.ClassPathMapperScanner     [0;39m [2m:[0;39m No MyBatis mapper was found in '[com.ssafy.happyhouse]' package. Please check your configuration.
[2m2021-05-26 23:31:45.376[0;39m [32m INFO[0;39m [35m1436[0;39m [2m---[0;39m [2m[  restartedMain][0;39m [36mo.s.b.w.embedded.tomcat.TomcatWebServer [0;39m [2m:[0;39m Tomcat initialized with port(s): 8100 (http)
[2m2021-05-26 23:31:45.424[0;39m [32m INFO[0;39m [35m1436[0;39m [2m---[0;39m [2m[  restartedMain][0;39m [36mw.s.c.ServletWebServerApplicationContext[0;39m [2m:[0;39m Root WebApplicationContext: initialization completed in 407 ms
[2m2021-05-26 23:31:45.568[0;39m [32m INFO[0;39m [35m1436[0;39m [2m---[0;39m [2m[  restartedMain][0;39m [36mo.s.s.concurrent.ThreadPoolTaskExecutor [0;39m [2m:[0;39m Initializing ExecutorService 'applicationTaskExecutor'
[2m2021-05-26 23:31:45.575[0;39m [32m INFO[0;39m [35m1436[0;39m [2m---[0;39m [2m[  restartedMain][0;39m [36mo.s.b.d.a.OptionalLiveReloadServer      [0;39m [2m:[0;39m LiveReload server is running on port 35729
[2m2021-05-26 23:31:45.613[0;39m [32m INFO[0;39m [35m1436[0;39m [2m---[0;39m [2m[  restartedMain][0;39m [36mo.s.b.w.embedded.tomcat.TomcatWebServer [0;39m [2m:[0;39m Tomcat started on port(s): 8100 (http) with context path '/happyhouse_final'
[2m2021-05-26 23:31:45.657[0;39m [32m INFO[0;39m [35m1436[0;39m [2m---[0;39m [2m[  restartedMain][0;39m [36m.ConditionEvaluationDeltaLoggingListener[0;39m [2m:[0;39m Condition evaluation unchanged
[2m2021-05-26 23:31:48.063[0;39m [32m INFO[0;39m [35m1436[0;39m [2m---[0;39m [2m[nio-8100-exec-1][0;39m [36mo.s.web.servlet.DispatcherServlet       [0;39m [2m:[0;39m Initializing Servlet 'dispatcherServlet'
[2m2021-05-26 23:31:48.065[0;39m [32m INFO[0;39m [35m1436[0;39m [2m---[0;39m [2m[nio-8100-exec-1][0;39m [36mo.s.web.servlet.DispatcherServlet       [0;39m [2m:[0;39m Completed initialization in 1 ms
[2m2021-05-26 23:33:09.549[0;39m [32m INFO[0;39m [35m1436[0;39m [2m---[0;39m [2m[      Thread-44][0;39m [36mo.s.s.concurrent.ThreadPoolTaskExecutor [0;39m [2m:[0;39m Shutting down ExecutorService 'applicationTaskExecutor'
[2m2021-05-26 23:33:09.949[0;39m [33m WARN[0;39m [35m1436[0;39m [2m---[0;39m [2m[  restartedMain][0;39m [36mo.m.s.mapper.ClassPathMapperScanner     [0;39m [2m:[0;39m No MyBatis mapper was found in '[com.ssafy.happyhouse]' package. Please check your configuration.
[2m2021-05-26 23:33:10.009[0;39m [32m INFO[0;39m [35m1436[0;39m [2m---[0;39m [2m[  restartedMain][0;39m [36mo.s.b.w.embedded.tomcat.TomcatWebServer [0;39m [2m:[0;39m Tomcat initialized with port(s): 8100 (http)
[2m2021-05-26 23:33:10.054[0;39m [32m INFO[0;39m [35m1436[0;39m [2m---[0;39m [2m[  restartedMain][0;39m [36mw.s.c.ServletWebServerApplicationContext[0;39m [2m:[0;39m Root WebApplicationContext: initialization completed in 394 ms
[2m2021-05-26 23:33:10.183[0;39m [32m INFO[0;39m [35m1436[0;39m [2m---[0;39m [2m[  restartedMain][0;39m [36mo.s.s.concurrent.ThreadPoolTaskExecutor [0;39m [2m:[0;39m Initializing ExecutorService 'applicationTaskExecutor'
[2m2021-05-26 23:33:10.188[0;39m [32m INFO[0;39m [35m1436[0;39m [2m---[0;39m [2m[  restartedMain][0;39m [36mo.s.b.d.a.OptionalLiveReloadServer      [0;39m [2m:[0;39m LiveReload server is running on port 35729
[2m2021-05-26 23:33:10.224[0;39m [32m INFO[0;39m [35m1436[0;39m [2m---[0;39m [2m[  restartedMain][0;39m [36mo.s.b.w.embedded.tomcat.TomcatWebServer [0;39m [2m:[0;39m Tomcat started on port(s): 8100 (http) with context path '/happyhouse_final'
[2m2021-05-26 23:33:10.265[0;39m [32m INFO[0;39m [35m1436[0;39m [2m---[0;39m [2m[  restartedMain][0;39m [36m.ConditionEvaluationDeltaLoggingListener[0;39m [2m:[0;39m Condition evaluation unchanged
[2m2021-05-26 23:33:27.330[0;39m [32m INFO[0;39m [35m1436[0;39m [2m---[0;39m [2m[      Thread-49][0;39m [36mo.s.s.concurrent.ThreadPoolTaskExecutor [0;39m [2m:[0;39m Shutting down ExecutorService 'applicationTaskExecutor'
[2m2021-05-26 23:33:27.711[0;39m [33m WARN[0;39m [35m1436[0;39m [2m---[0;39m [2m[  restartedMain][0;39m [36mo.m.s.mapper.ClassPathMapperScanner     [0;39m [2m:[0;39m No MyBatis mapper was found in '[com.ssafy.happyhouse]' package. Please check your configuration.
[2m2021-05-26 23:33:27.742[0;39m [32m INFO[0;39m [35m1436[0;39m [2m---[0;39m [2m[  restartedMain][0;39m [36mo.s.b.w.embedded.tomcat.TomcatWebServer [0;39m [2m:[0;39m Tomcat initialized with port(s): 8100 (http)
[2m2021-05-26 23:33:27.786[0;39m [32m INFO[0;39m [35m1436[0;39m [2m---[0;39m [2m[  restartedMain][0;39m [36mw.s.c.ServletWebServerApplicationContext[0;39m [2m:[0;39m Root WebApplicationContext: initialization completed in 341 ms
[2m2021-05-26 23:33:27.902[0;39m [32m INFO[0;39m [35m1436[0;39m [2m---[0;39m [2m[  restartedMain][0;39m [36mo.s.s.concurrent.ThreadPoolTaskExecutor [0;39m [2m:[0;39m Initializing ExecutorService 'applicationTaskExecutor'
[2m2021-05-26 23:33:27.906[0;39m [32m INFO[0;39m [35m1436[0;39m [2m---[0;39m [2m[  restartedMain][0;39m [36mo.s.b.d.a.OptionalLiveReloadServer      [0;39m [2m:[0;39m LiveReload server is running on port 35729
[2m2021-05-26 23:33:27.939[0;39m [32m INFO[0;39m [35m1436[0;39m [2m---[0;39m [2m[  restartedMain][0;39m [36mo.s.b.w.embedded.tomcat.TomcatWebServer [0;39m [2m:[0;39m Tomcat started on port(s): 8100 (http) with context path '/happyhouse_final'
[2m2021-05-26 23:33:27.981[0;39m [32m INFO[0;39m [35m1436[0;39m [2m---[0;39m [2m[  restartedMain][0;39m [36m.ConditionEvaluationDeltaLoggingListener[0;39m [2m:[0;39m Condition evaluation unchanged
[2m2021-05-26 23:33:31.681[0;39m [32m INFO[0;39m [35m1436[0;39m [2m---[0;39m [2m[      Thread-54][0;39m [36mo.s.s.concurrent.ThreadPoolTaskExecutor [0;39m [2m:[0;39m Shutting down ExecutorService 'applicationTaskExecutor'
[2m2021-05-26 23:33:32.047[0;39m [33m WARN[0;39m [35m1436[0;39m [2m---[0;39m [2m[  restartedMain][0;39m [36mo.m.s.mapper.ClassPathMapperScanner     [0;39m [2m:[0;39m No MyBatis mapper was found in '[com.ssafy.happyhouse]' package. Please check your configuration.
[2m2021-05-26 23:33:32.079[0;39m [32m INFO[0;39m [35m1436[0;39m [2m---[0;39m [2m[  restartedMain][0;39m [36mo.s.b.w.embedded.tomcat.TomcatWebServer [0;39m [2m:[0;39m Tomcat initialized with port(s): 8100 (http)
[2m2021-05-26 23:33:32.125[0;39m [32m INFO[0;39m [35m1436[0;39m [2m---[0;39m [2m[  restartedMain][0;39m [36mw.s.c.ServletWebServerApplicationContext[0;39m [2m:[0;39m Root WebApplicationContext: initialization completed in 347 ms
[2m2021-05-26 23:33:32.259[0;39m [32m INFO[0;39m [35m1436[0;39m [2m---[0;39m [2m[  restartedMain][0;39m [36mo.s.s.concurrent.ThreadPoolTaskExecutor [0;39m [2m:[0;39m Initializing ExecutorService 'applicationTaskExecutor'
[2m2021-05-26 23:33:32.265[0;39m [32m INFO[0;39m [35m1436[0;39m [2m---[0;39m [2m[  restartedMain][0;39m [36mo.s.b.d.a.OptionalLiveReloadServer      [0;39m [2m:[0;39m LiveReload server is running on port 35729
[2m2021-05-26 23:33:32.300[0;39m [32m INFO[0;39m [35m1436[0;39m [2m---[0;39m [2m[  restartedMain][0;39m [36mo.s.b.w.embedded.tomcat.TomcatWebServer [0;39m [2m:[0;39m Tomcat started on port(s): 8100 (http) with context path '/happyhouse_final'
[2m2021-05-26 23:33:32.342[0;39m [32m INFO[0;39m [35m1436[0;39m [2m---[0;39m [2m[  restartedMain][0;39m [36m.ConditionEvaluationDeltaLoggingListener[0;39m [2m:[0;39m Condition evaluation unchanged
[2m2021-05-26 23:33:54.540[0;39m [32m INFO[0;39m [35m1436[0;39m [2m---[0;39m [2m[      Thread-59][0;39m [36mo.s.s.concurrent.ThreadPoolTaskExecutor [0;39m [2m:[0;39m Shutting down ExecutorService 'applicationTaskExecutor'
[2m2021-05-26 23:33:54.906[0;39m [33m WARN[0;39m [35m1436[0;39m [2m---[0;39m [2m[  restartedMain][0;39m [36mo.m.s.mapper.ClassPathMapperScanner     [0;39m [2m:[0;39m No MyBatis mapper was found in '[com.ssafy.happyhouse]' package. Please check your configuration.
[2m2021-05-26 23:33:54.965[0;39m [32m INFO[0;39m [35m1436[0;39m [2m---[0;39m [2m[  restartedMain][0;39m [36mo.s.b.w.embedded.tomcat.TomcatWebServer [0;39m [2m:[0;39m Tomcat initialized with port(s): 8100 (http)
[2m2021-05-26 23:33:55.008[0;39m [32m INFO[0;39m [35m1436[0;39m [2m---[0;39m [2m[  restartedMain][0;39m [36mw.s.c.ServletWebServerApplicationContext[0;39m [2m:[0;39m Root WebApplicationContext: initialization completed in 370 ms
[2m2021-05-26 23:33:55.131[0;39m [32m INFO[0;39m [35m1436[0;39m [2m---[0;39m [2m[  restartedMain][0;39m [36mo.s.s.concurrent.ThreadPoolTaskExecutor [0;39m [2m:[0;39m Initializing ExecutorService 'applicationTaskExecutor'
[2m2021-05-26 23:33:55.136[0;39m [32m INFO[0;39m [35m1436[0;39m [2m---[0;39m [2m[  restartedMain][0;39m [36mo.s.b.d.a.OptionalLiveReloadServer      [0;39m [2m:[0;39m LiveReload server is running on port 35729
[2m2021-05-26 23:33:55.167[0;39m [32m INFO[0;39m [35m1436[0;39m [2m---[0;39m [2m[  restartedMain][0;39m [36mo.s.b.w.embedded.tomcat.TomcatWebServer [0;39m [2m:[0;39m Tomcat started on port(s): 8100 (http) with context path '/happyhouse_final'
[2m2021-05-26 23:33:55.202[0;39m [32m INFO[0;39m [35m1436[0;39m [2m---[0;39m [2m[  restartedMain][0;39m [36m.ConditionEvaluationDeltaLoggingListener[0;39m [2m:[0;39m Condition evaluation unchanged
[2m2021-05-26 23:38:14.792[0;39m [32m INFO[0;39m [35m1436[0;39m [2m---[0;39m [2m[      Thread-64][0;39m [36mo.s.s.concurrent.ThreadPoolTaskExecutor [0;39m [2m:[0;39m Shutting down ExecutorService 'applicationTaskExecutor'
[2m2021-05-26 23:38:15.171[0;39m [33m WARN[0;39m [35m1436[0;39m [2m---[0;39m [2m[  restartedMain][0;39m [36mo.m.s.mapper.ClassPathMapperScanner     [0;39m [2m:[0;39m No MyBatis mapper was found in '[com.ssafy.happyhouse]' package. Please check your configuration.
[2m2021-05-26 23:38:15.230[0;39m [32m INFO[0;39m [35m1436[0;39m [2m---[0;39m [2m[  restartedMain][0;39m [36mo.s.b.w.embedded.tomcat.TomcatWebServer [0;39m [2m:[0;39m Tomcat initialized with port(s): 8100 (http)
[2m2021-05-26 23:38:15.272[0;39m [32m INFO[0;39m [35m1436[0;39m [2m---[0;39m [2m[  restartedMain][0;39m [36mw.s.c.ServletWebServerApplicationContext[0;39m [2m:[0;39m Root WebApplicationContext: initialization completed in 372 ms
[2m2021-05-26 23:38:15.387[0;39m [32m INFO[0;39m [35m1436[0;39m [2m---[0;39m [2m[  restartedMain][0;39m [36mo.s.s.concurrent.ThreadPoolTaskExecutor [0;39m [2m:[0;39m Initializing ExecutorService 'applicationTaskExecutor'
[2m2021-05-26 23:38:15.392[0;39m [32m INFO[0;39m [35m1436[0;39m [2m---[0;39m [2m[  restartedMain][0;39m [36mo.s.b.d.a.OptionalLiveReloadServer      [0;39m [2m:[0;39m LiveReload server is running on port 35729
[2m2021-05-26 23:38:15.427[0;39m [32m INFO[0;39m [35m1436[0;39m [2m---[0;39m [2m[  restartedMain][0;39m [36mo.s.b.w.embedded.tomcat.TomcatWebServer [0;39m [2m:[0;39m Tomcat started on port(s): 8100 (http) with context path '/happyhouse_final'
[2m2021-05-26 23:38:15.470[0;39m [32m INFO[0;39m [35m1436[0;39m [2m---[0;39m [2m[  restartedMain][0;39m [36m.ConditionEvaluationDeltaLoggingListener[0;39m [2m:[0;39m Condition evaluation unchanged
[2m2021-05-26 23:38:20.185[0;39m [32m INFO[0;39m [35m1436[0;39m [2m---[0;39m [2m[      Thread-69][0;39m [36mo.s.s.concurrent.ThreadPoolTaskExecutor [0;39m [2m:[0;39m Shutting down ExecutorService 'applicationTaskExecutor'
[2m2021-05-26 23:38:20.537[0;39m [33m WARN[0;39m [35m1436[0;39m [2m---[0;39m [2m[  restartedMain][0;39m [36mo.m.s.mapper.ClassPathMapperScanner     [0;39m [2m:[0;39m No MyBatis mapper was found in '[com.ssafy.happyhouse]' package. Please check your configuration.
[2m2021-05-26 23:38:20.568[0;39m [32m INFO[0;39m [35m1436[0;39m [2m---[0;39m [2m[  restartedMain][0;39m [36mo.s.b.w.embedded.tomcat.TomcatWebServer [0;39m [2m:[0;39m Tomcat initialized with port(s): 8100 (http)
[2m2021-05-26 23:38:20.611[0;39m [32m INFO[0;39m [35m1436[0;39m [2m---[0;39m [2m[  restartedMain][0;39m [36mw.s.c.ServletWebServerApplicationContext[0;39m [2m:[0;39m Root WebApplicationContext: initialization completed in 335 ms
[2m2021-05-26 23:38:20.729[0;39m [32m INFO[0;39m [35m1436[0;39m [2m---[0;39m [2m[  restartedMain][0;39m [36mo.s.s.concurrent.ThreadPoolTaskExecutor [0;39m [2m:[0;39m Initializing ExecutorService 'applicationTaskExecutor'
[2m2021-05-26 23:38:20.733[0;39m [32m INFO[0;39m [35m1436[0;39m [2m---[0;39m [2m[  restartedMain][0;39m [36mo.s.b.d.a.OptionalLiveReloadServer      [0;39m [2m:[0;39m LiveReload server is running on port 35729
[2m2021-05-26 23:38:20.761[0;39m [32m INFO[0;39m [35m1436[0;39m [2m---[0;39m [2m[  restartedMain][0;39m [36mo.s.b.w.embedded.tomcat.TomcatWebServer [0;39m [2m:[0;39m Tomcat started on port(s): 8100 (http) with context path '/happyhouse_final'
[2m2021-05-26 23:38:20.795[0;39m [32m INFO[0;39m [35m1436[0;39m [2m---[0;39m [2m[  restartedMain][0;39m [36m.ConditionEvaluationDeltaLoggingListener[0;39m [2m:[0;39m Condition evaluation unchanged
[2m2021-05-26 23:38:24.485[0;39m [32m INFO[0;39m [35m1436[0;39m [2m---[0;39m [2m[      Thread-74][0;39m [36mo.s.s.concurrent.ThreadPoolTaskExecutor [0;39m [2m:[0;39m Shutting down ExecutorService 'applicationTaskExecutor'
[2m2021-05-26 23:38:24.918[0;39m [33m WARN[0;39m [35m1436[0;39m [2m---[0;39m [2m[  restartedMain][0;39m [36mo.m.s.mapper.ClassPathMapperScanner     [0;39m [2m:[0;39m No MyBatis mapper was found in '[com.ssafy.happyhouse]' package. Please check your configuration.
[2m2021-05-26 23:38:24.953[0;39m [32m INFO[0;39m [35m1436[0;39m [2m---[0;39m [2m[  restartedMain][0;39m [36mo.s.b.w.embedded.tomcat.TomcatWebServer [0;39m [2m:[0;39m Tomcat initialized with port(s): 8100 (http)
[2m2021-05-26 23:38:24.997[0;39m [32m INFO[0;39m [35m1436[0;39m [2m---[0;39m [2m[  restartedMain][0;39m [36mw.s.c.ServletWebServerApplicationContext[0;39m [2m:[0;39m Root WebApplicationContext: initialization completed in 348 ms
[2m2021-05-26 23:38:25.129[0;39m [32m INFO[0;39m [35m1436[0;39m [2m---[0;39m [2m[  restartedMain][0;39m [36mo.s.s.concurrent.ThreadPoolTaskExecutor [0;39m [2m:[0;39m Initializing ExecutorService 'applicationTaskExecutor'
[2m2021-05-26 23:38:25.136[0;39m [32m INFO[0;39m [35m1436[0;39m [2m---[0;39m [2m[  restartedMain][0;39m [36mo.s.b.d.a.OptionalLiveReloadServer      [0;39m [2m:[0;39m LiveReload server is running on port 35729
[2m2021-05-26 23:38:25.178[0;39m [32m INFO[0;39m [35m1436[0;39m [2m---[0;39m [2m[  restartedMain][0;39m [36mo.s.b.w.embedded.tomcat.TomcatWebServer [0;39m [2m:[0;39m Tomcat started on port(s): 8100 (http) with context path '/happyhouse_final'
[2m2021-05-26 23:38:25.222[0;39m [32m INFO[0;39m [35m1436[0;39m [2m---[0;39m [2m[  restartedMain][0;39m [36m.ConditionEvaluationDeltaLoggingListener[0;39m [2m:[0;39m Condition evaluation unchanged
[2m2021-05-26 23:38:27.912[0;39m [32m INFO[0;39m [35m1436[0;39m [2m---[0;39m [2m[      Thread-79][0;39m [36mo.s.s.concurrent.ThreadPoolTaskExecutor [0;39m [2m:[0;39m Shutting down ExecutorService 'applicationTaskExecutor'
[2m2021-05-26 23:38:28.370[0;39m [33m WARN[0;39m [35m1436[0;39m [2m---[0;39m [2m[  restartedMain][0;39m [36mo.m.s.mapper.ClassPathMapperScanner     [0;39m [2m:[0;39m No MyBatis mapper was found in '[com.ssafy.happyhouse]' package. Please check your configuration.
[2m2021-05-26 23:38:28.403[0;39m [32m INFO[0;39m [35m1436[0;39m [2m---[0;39m [2m[  restartedMain][0;39m [36mo.s.b.w.embedded.tomcat.TomcatWebServer [0;39m [2m:[0;39m Tomcat initialized with port(s): 8100 (http)
[2m2021-05-26 23:38:28.445[0;39m [32m INFO[0;39m [35m1436[0;39m [2m---[0;39m [2m[  restartedMain][0;39m [36mw.s.c.ServletWebServerApplicationContext[0;39m [2m:[0;39m Root WebApplicationContext: initialization completed in 341 ms
[2m2021-05-26 23:38:28.563[0;39m [32m INFO[0;39m [35m1436[0;39m [2m---[0;39m [2m[  restartedMain][0;39m [36mo.s.s.concurrent.ThreadPoolTaskExecutor [0;39m [2m:[0;39m Initializing ExecutorService 'applicationTaskExecutor'
[2m2021-05-26 23:38:28.569[0;39m [32m INFO[0;39m [35m1436[0;39m [2m---[0;39m [2m[  restartedMain][0;39m [36mo.s.b.d.a.OptionalLiveReloadServer      [0;39m [2m:[0;39m LiveReload server is running on port 35729
[2m2021-05-26 23:38:28.617[0;39m [32m INFO[0;39m [35m1436[0;39m [2m---[0;39m [2m[  restartedMain][0;39m [36mo.s.b.w.embedded.tomcat.TomcatWebServer [0;39m [2m:[0;39m Tomcat started on port(s): 8100 (http) with context path '/happyhouse_final'
[2m2021-05-26 23:38:28.656[0;39m [32m INFO[0;39m [35m1436[0;39m [2m---[0;39m [2m[  restartedMain][0;39m [36m.ConditionEvaluationDeltaLoggingListener[0;39m [2m:[0;39m Condition evaluation unchanged
[2m2021-05-26 23:38:32.347[0;39m [32m INFO[0;39m [35m1436[0;39m [2m---[0;39m [2m[      Thread-84][0;39m [36mo.s.s.concurrent.ThreadPoolTaskExecutor [0;39m [2m:[0;39m Shutting down ExecutorService 'applicationTaskExecutor'
[2m2021-05-26 23:38:32.729[0;39m [33m WARN[0;39m [35m1436[0;39m [2m---[0;39m [2m[  restartedMain][0;39m [36mo.m.s.mapper.ClassPathMapperScanner     [0;39m [2m:[0;39m No MyBatis mapper was found in '[com.ssafy.happyhouse]' package. Please check your configuration.
[2m2021-05-26 23:38:32.765[0;39m [32m INFO[0;39m [35m1436[0;39m [2m---[0;39m [2m[  restartedMain][0;39m [36mo.s.b.w.embedded.tomcat.TomcatWebServer [0;39m [2m:[0;39m Tomcat initialized with port(s): 8100 (http)
[2m2021-05-26 23:38:32.813[0;39m [32m INFO[0;39m [35m1436[0;39m [2m---[0;39m [2m[  restartedMain][0;39m [36mw.s.c.ServletWebServerApplicationContext[0;39m [2m:[0;39m Root WebApplicationContext: initialization completed in 365 ms
[2m2021-05-26 23:38:32.939[0;39m [32m INFO[0;39m [35m1436[0;39m [2m---[0;39m [2m[  restartedMain][0;39m [36mo.s.s.concurrent.ThreadPoolTaskExecutor [0;39m [2m:[0;39m Initializing ExecutorService 'applicationTaskExecutor'
[2m2021-05-26 23:38:32.944[0;39m [32m INFO[0;39m [35m1436[0;39m [2m---[0;39m [2m[  restartedMain][0;39m [36mo.s.b.d.a.OptionalLiveReloadServer      [0;39m [2m:[0;39m LiveReload server is running on port 35729
[2m2021-05-26 23:38:32.978[0;39m [32m INFO[0;39m [35m1436[0;39m [2m---[0;39m [2m[  restartedMain][0;39m [36mo.s.b.w.embedded.tomcat.TomcatWebServer [0;39m [2m:[0;39m Tomcat started on port(s): 8100 (http) with context path '/happyhouse_final'
[2m2021-05-26 23:38:33.022[0;39m [32m INFO[0;39m [35m1436[0;39m [2m---[0;39m [2m[  restartedMain][0;39m [36m.ConditionEvaluationDeltaLoggingListener[0;39m [2m:[0;39m Condition evaluation unchanged
[2m2021-05-26 23:38:39.814[0;39m [32m INFO[0;39m [35m1436[0;39m [2m---[0;39m [2m[      Thread-89][0;39m [36mo.s.s.concurrent.ThreadPoolTaskExecutor [0;39m [2m:[0;39m Shutting down ExecutorService 'applicationTaskExecutor'
[2m2021-05-26 23:38:40.164[0;39m [33m WARN[0;39m [35m1436[0;39m [2m---[0;39m [2m[  restartedMain][0;39m [36mo.m.s.mapper.ClassPathMapperScanner     [0;39m [2m:[0;39m No MyBatis mapper was found in '[com.ssafy.happyhouse]' package. Please check your configuration.
[2m2021-05-26 23:38:40.189[0;39m [32m INFO[0;39m [35m1436[0;39m [2m---[0;39m [2m[  restartedMain][0;39m [36mo.s.b.w.embedded.tomcat.TomcatWebServer [0;39m [2m:[0;39m Tomcat initialized with port(s): 8100 (http)
[2m2021-05-26 23:38:40.227[0;39m [32m INFO[0;39m [35m1436[0;39m [2m---[0;39m [2m[  restartedMain][0;39m [36mw.s.c.ServletWebServerApplicationContext[0;39m [2m:[0;39m Root WebApplicationContext: initialization completed in 323 ms
[2m2021-05-26 23:38:40.332[0;39m [32m INFO[0;39m [35m1436[0;39m [2m---[0;39m [2m[  restartedMain][0;39m [36mo.s.s.concurrent.ThreadPoolTaskExecutor [0;39m [2m:[0;39m Initializing ExecutorService 'applicationTaskExecutor'
[2m2021-05-26 23:38:40.338[0;39m [32m INFO[0;39m [35m1436[0;39m [2m---[0;39m [2m[  restartedMain][0;39m [36mo.s.b.d.a.OptionalLiveReloadServer      [0;39m [2m:[0;39m LiveReload server is running on port 35729
[2m2021-05-26 23:38:40.373[0;39m [32m INFO[0;39m [35m1436[0;39m [2m---[0;39m [2m[  restartedMain][0;39m [36mo.s.b.w.embedded.tomcat.TomcatWebServer [0;39m [2m:[0;39m Tomcat started on port(s): 8100 (http) with context path '/happyhouse_final'
[2m2021-05-26 23:38:40.413[0;39m [32m INFO[0;39m [35m1436[0;39m [2m---[0;39m [2m[  restartedMain][0;39m [36m.ConditionEvaluationDeltaLoggingListener[0;39m [2m:[0;39m Condition evaluation unchanged
[2m2021-05-26 23:38:48.227[0;39m [32m INFO[0;39m [35m1436[0;39m [2m---[0;39m [2m[      Thread-94][0;39m [36mo.s.s.concurrent.ThreadPoolTaskExecutor [0;39m [2m:[0;39m Shutting down ExecutorService 'applicationTaskExecutor'
[2m2021-05-26 23:38:48.639[0;39m [33m WARN[0;39m [35m1436[0;39m [2m---[0;39m [2m[  restartedMain][0;39m [36mo.m.s.mapper.ClassPathMapperScanner     [0;39m [2m:[0;39m No MyBatis mapper was found in '[com.ssafy.happyhouse]' package. Please check your configuration.
[2m2021-05-26 23:38:48.700[0;39m [32m INFO[0;39m [35m1436[0;39m [2m---[0;39m [2m[  restartedMain][0;39m [36mo.s.b.w.embedded.tomcat.TomcatWebServer [0;39m [2m:[0;39m Tomcat initialized with port(s): 8100 (http)
[2m2021-05-26 23:38:48.746[0;39m [32m INFO[0;39m [35m1436[0;39m [2m---[0;39m [2m[  restartedMain][0;39m [36mw.s.c.ServletWebServerApplicationContext[0;39m [2m:[0;39m Root WebApplicationContext: initialization completed in 391 ms
[2m2021-05-26 23:38:48.867[0;39m [32m INFO[0;39m [35m1436[0;39m [2m---[0;39m [2m[  restartedMain][0;39m [36mo.s.s.concurrent.ThreadPoolTaskExecutor [0;39m [2m:[0;39m Initializing ExecutorService 'applicationTaskExecutor'
[2m2021-05-26 23:38:48.871[0;39m [32m INFO[0;39m [35m1436[0;39m [2m---[0;39m [2m[  restartedMain][0;39m [36mo.s.b.d.a.OptionalLiveReloadServer      [0;39m [2m:[0;39m LiveReload server is running on port 35729
[2m2021-05-26 23:38:48.902[0;39m [32m INFO[0;39m [35m1436[0;39m [2m---[0;39m [2m[  restartedMain][0;39m [36mo.s.b.w.embedded.tomcat.TomcatWebServer [0;39m [2m:[0;39m Tomcat started on port(s): 8100 (http) with context path '/happyhouse_final'
[2m2021-05-26 23:38:48.944[0;39m [32m INFO[0;39m [35m1436[0;39m [2m---[0;39m [2m[  restartedMain][0;39m [36m.ConditionEvaluationDeltaLoggingListener[0;39m [2m:[0;39m Condition evaluation unchanged
[2m2021-05-26 23:38:50.486[0;39m [32m INFO[0;39m [35m1436[0;39m [2m---[0;39m [2m[nio-8100-exec-1][0;39m [36mo.s.web.servlet.DispatcherServlet       [0;39m [2m:[0;39m Initializing Servlet 'dispatcherServlet'
[2m2021-05-26 23:38:50.488[0;39m [32m INFO[0;39m [35m1436[0;39m [2m---[0;39m [2m[nio-8100-exec-1][0;39m [36mo.s.web.servlet.DispatcherServlet       [0;39m [2m:[0;39m Completed initialization in 2 ms
[2m2021-05-26 23:39:58.435[0;39m [32m INFO[0;39m [35m1436[0;39m [2m---[0;39m [2m[      Thread-99][0;39m [36mo.s.s.concurrent.ThreadPoolTaskExecutor [0;39m [2m:[0;39m Shutting down ExecutorService 'applicationTaskExecutor'
[2m2021-05-26 23:39:58.810[0;39m [33m WARN[0;39m [35m1436[0;39m [2m---[0;39m [2m[  restartedMain][0;39m [36mo.m.s.mapper.ClassPathMapperScanner     [0;39m [2m:[0;39m No MyBatis mapper was found in '[com.ssafy.happyhouse]' package. Please check your configuration.
[2m2021-05-26 23:39:58.865[0;39m [32m INFO[0;39m [35m1436[0;39m [2m---[0;39m [2m[  restartedMain][0;39m [36mo.s.b.w.embedded.tomcat.TomcatWebServer [0;39m [2m:[0;39m Tomcat initialized with port(s): 8100 (http)
[2m2021-05-26 23:39:58.907[0;39m [32m INFO[0;39m [35m1436[0;39m [2m---[0;39m [2m[  restartedMain][0;39m [36mw.s.c.ServletWebServerApplicationContext[0;39m [2m:[0;39m Root WebApplicationContext: initialization completed in 361 ms
[2m2021-05-26 23:39:59.030[0;39m [32m INFO[0;39m [35m1436[0;39m [2m---[0;39m [2m[  restartedMain][0;39m [36mo.s.s.concurrent.ThreadPoolTaskExecutor [0;39m [2m:[0;39m Initializing ExecutorService 'applicationTaskExecutor'
[2m2021-05-26 23:39:59.034[0;39m [32m INFO[0;39m [35m1436[0;39m [2m---[0;39m [2m[  restartedMain][0;39m [36mo.s.b.d.a.OptionalLiveReloadServer      [0;39m [2m:[0;39m LiveReload server is running on port 35729
[2m2021-05-26 23:39:59.074[0;39m [32m INFO[0;39m [35m1436[0;39m [2m---[0;39m [2m[  restartedMain][0;39m [36mo.s.b.w.embedded.tomcat.TomcatWebServer [0;39m [2m:[0;39m Tomcat started on port(s): 8100 (http) with context path '/happyhouse_final'
[2m2021-05-26 23:39:59.120[0;39m [32m INFO[0;39m [35m1436[0;39m [2m---[0;39m [2m[  restartedMain][0;39m [36m.ConditionEvaluationDeltaLoggingListener[0;39m [2m:[0;39m Condition evaluation unchanged
[2m2021-05-26 23:40:02.830[0;39m [32m INFO[0;39m [35m1436[0;39m [2m---[0;39m [2m[     Thread-104][0;39m [36mo.s.s.concurrent.ThreadPoolTaskExecutor [0;39m [2m:[0;39m Shutting down ExecutorService 'applicationTaskExecutor'
[2m2021-05-26 23:40:03.188[0;39m [33m WARN[0;39m [35m1436[0;39m [2m---[0;39m [2m[  restartedMain][0;39m [36mo.m.s.mapper.ClassPathMapperScanner     [0;39m [2m:[0;39m No MyBatis mapper was found in '[com.ssafy.happyhouse]' package. Please check your configuration.
[2m2021-05-26 23:40:03.213[0;39m [32m INFO[0;39m [35m1436[0;39m [2m---[0;39m [2m[  restartedMain][0;39m [36mo.s.b.w.embedded.tomcat.TomcatWebServer [0;39m [2m:[0;39m Tomcat initialized with port(s): 8100 (http)
[2m2021-05-26 23:40:03.249[0;39m [32m INFO[0;39m [35m1436[0;39m [2m---[0;39m [2m[  restartedMain][0;39m [36mw.s.c.ServletWebServerApplicationContext[0;39m [2m:[0;39m Root WebApplicationContext: initialization completed in 319 ms
[2m2021-05-26 23:40:03.376[0;39m [32m INFO[0;39m [35m1436[0;39m [2m---[0;39m [2m[  restartedMain][0;39m [36mo.s.s.concurrent.ThreadPoolTaskExecutor [0;39m [2m:[0;39m Initializing ExecutorService 'applicationTaskExecutor'
[2m2021-05-26 23:40:03.381[0;39m [32m INFO[0;39m [35m1436[0;39m [2m---[0;39m [2m[  restartedMain][0;39m [36mo.s.b.d.a.OptionalLiveReloadServer      [0;39m [2m:[0;39m LiveReload server is running on port 35729
[2m2021-05-26 23:40:03.414[0;39m [32m INFO[0;39m [35m1436[0;39m [2m---[0;39m [2m[  restartedMain][0;39m [36mo.s.b.w.embedded.tomcat.TomcatWebServer [0;39m [2m:[0;39m Tomcat started on port(s): 8100 (http) with context path '/happyhouse_final'
[2m2021-05-26 23:40:03.452[0;39m [32m INFO[0;39m [35m1436[0;39m [2m---[0;39m [2m[  restartedMain][0;39m [36m.ConditionEvaluationDeltaLoggingListener[0;39m [2m:[0;39m Condition evaluation unchanged
[2m2021-05-26 23:40:18.466[0;39m [32m INFO[0;39m [35m1436[0;39m [2m---[0;39m [2m[     Thread-109][0;39m [36mo.s.s.concurrent.ThreadPoolTaskExecutor [0;39m [2m:[0;39m Shutting down ExecutorService 'applicationTaskExecutor'
[2m2021-05-26 23:40:18.828[0;39m [33m WARN[0;39m [35m1436[0;39m [2m---[0;39m [2m[  restartedMain][0;39m [36mo.m.s.mapper.ClassPathMapperScanner     [0;39m [2m:[0;39m No MyBatis mapper was found in '[com.ssafy.happyhouse]' package. Please check your configuration.
[2m2021-05-26 23:40:18.860[0;39m [32m INFO[0;39m [35m1436[0;39m [2m---[0;39m [2m[  restartedMain][0;39m [36mo.s.b.w.embedded.tomcat.TomcatWebServer [0;39m [2m:[0;39m Tomcat initialized with port(s): 8100 (http)
[2m2021-05-26 23:40:18.903[0;39m [32m INFO[0;39m [35m1436[0;39m [2m---[0;39m [2m[  restartedMain][0;39m [36mw.s.c.ServletWebServerApplicationContext[0;39m [2m:[0;39m Root WebApplicationContext: initialization completed in 325 ms
[2m2021-05-26 23:40:19.015[0;39m [32m INFO[0;39m [35m1436[0;39m [2m---[0;39m [2m[  restartedMain][0;39m [36mo.s.s.concurrent.ThreadPoolTaskExecutor [0;39m [2m:[0;39m Initializing ExecutorService 'applicationTaskExecutor'
[2m2021-05-26 23:40:19.019[0;39m [32m INFO[0;39m [35m1436[0;39m [2m---[0;39m [2m[  restartedMain][0;39m [36mo.s.b.d.a.OptionalLiveReloadServer      [0;39m [2m:[0;39m LiveReload server is running on port 35729
[2m2021-05-26 23:40:19.050[0;39m [32m INFO[0;39m [35m1436[0;39m [2m---[0;39m [2m[  restartedMain][0;39m [36mo.s.b.w.embedded.tomcat.TomcatWebServer [0;39m [2m:[0;39m Tomcat started on port(s): 8100 (http) with context path '/happyhouse_final'
[2m2021-05-26 23:40:19.089[0;39m [32m INFO[0;39m [35m1436[0;39m [2m---[0;39m [2m[  restartedMain][0;39m [36m.ConditionEvaluationDeltaLoggingListener[0;39m [2m:[0;39m Condition evaluation unchanged
[2m2021-05-26 23:40:22.774[0;39m [32m INFO[0;39m [35m1436[0;39m [2m---[0;39m [2m[     Thread-114][0;39m [36mo.s.s.concurrent.ThreadPoolTaskExecutor [0;39m [2m:[0;39m Shutting down ExecutorService 'applicationTaskExecutor'
[2m2021-05-26 23:40:23.169[0;39m [33m WARN[0;39m [35m1436[0;39m [2m---[0;39m [2m[  restartedMain][0;39m [36mo.m.s.mapper.ClassPathMapperScanner     [0;39m [2m:[0;39m No MyBatis mapper was found in '[com.ssafy.happyhouse]' package. Please check your configuration.
[2m2021-05-26 23:40:23.199[0;39m [32m INFO[0;39m [35m1436[0;39m [2m---[0;39m [2m[  restartedMain][0;39m [36mo.s.b.w.embedded.tomcat.TomcatWebServer [0;39m [2m:[0;39m Tomcat initialized with port(s): 8100 (http)
[2m2021-05-26 23:40:23.242[0;39m [32m INFO[0;39m [35m1436[0;39m [2m---[0;39m [2m[  restartedMain][0;39m [36mw.s.c.ServletWebServerApplicationContext[0;39m [2m:[0;39m Root WebApplicationContext: initialization completed in 348 ms
[2m2021-05-26 23:40:23.366[0;39m [32m INFO[0;39m [35m1436[0;39m [2m---[0;39m [2m[  restartedMain][0;39m [36mo.s.s.concurrent.ThreadPoolTaskExecutor [0;39m [2m:[0;39m Initializing ExecutorService 'applicationTaskExecutor'
[2m2021-05-26 23:40:23.370[0;39m [32m INFO[0;39m [35m1436[0;39m [2m---[0;39m [2m[  restartedMain][0;39m [36mo.s.b.d.a.OptionalLiveReloadServer      [0;39m [2m:[0;39m LiveReload server is running on port 35729
[2m2021-05-26 23:40:23.401[0;39m [32m INFO[0;39m [35m1436[0;39m [2m---[0;39m [2m[  restartedMain][0;39m [36mo.s.b.w.embedded.tomcat.TomcatWebServer [0;39m [2m:[0;39m Tomcat started on port(s): 8100 (http) with context path '/happyhouse_final'
[2m2021-05-26 23:40:23.442[0;39m [32m INFO[0;39m [35m1436[0;39m [2m---[0;39m [2m[  restartedMain][0;39m [36m.ConditionEvaluationDeltaLoggingListener[0;39m [2m:[0;39m Condition evaluation unchanged
[2m2021-05-26 23:42:25.391[0;39m [32m INFO[0;39m [35m1436[0;39m [2m---[0;39m [2m[     Thread-119][0;39m [36mo.s.s.concurrent.ThreadPoolTaskExecutor [0;39m [2m:[0;39m Shutting down ExecutorService 'applicationTaskExecutor'
[2m2021-05-26 23:42:25.757[0;39m [33m WARN[0;39m [35m1436[0;39m [2m---[0;39m [2m[  restartedMain][0;39m [36mo.m.s.mapper.ClassPathMapperScanner     [0;39m [2m:[0;39m No MyBatis mapper was found in '[com.ssafy.happyhouse]' package. Please check your configuration.
[2m2021-05-26 23:42:25.815[0;39m [32m INFO[0;39m [35m1436[0;39m [2m---[0;39m [2m[  restartedMain][0;39m [36mo.s.b.w.embedded.tomcat.TomcatWebServer [0;39m [2m:[0;39m Tomcat initialized with port(s): 8100 (http)
[2m2021-05-26 23:42:25.860[0;39m [32m INFO[0;39m [35m1436[0;39m [2m---[0;39m [2m[  restartedMain][0;39m [36mw.s.c.ServletWebServerApplicationContext[0;39m [2m:[0;39m Root WebApplicationContext: initialization completed in 367 ms
[2m2021-05-26 23:42:25.977[0;39m [32m INFO[0;39m [35m1436[0;39m [2m---[0;39m [2m[  restartedMain][0;39m [36mo.s.s.concurrent.ThreadPoolTaskExecutor [0;39m [2m:[0;39m Initializing ExecutorService 'applicationTaskExecutor'
[2m2021-05-26 23:42:25.981[0;39m [32m INFO[0;39m [35m1436[0;39m [2m---[0;39m [2m[  restartedMain][0;39m [36mo.s.b.d.a.OptionalLiveReloadServer      [0;39m [2m:[0;39m LiveReload server is running on port 35729
[2m2021-05-26 23:42:26.012[0;39m [32m INFO[0;39m [35m1436[0;39m [2m---[0;39m [2m[  restartedMain][0;39m [36mo.s.b.w.embedded.tomcat.TomcatWebServer [0;39m [2m:[0;39m Tomcat started on port(s): 8100 (http) with context path '/happyhouse_final'
[2m2021-05-26 23:42:26.049[0;39m [32m INFO[0;39m [35m1436[0;39m [2m---[0;39m [2m[  restartedMain][0;39m [36m.ConditionEvaluationDeltaLoggingListener[0;39m [2m:[0;39m Condition evaluation unchanged
[2m2021-05-26 23:53:58.407[0;39m [32m INFO[0;39m [35m1436[0;39m [2m---[0;39m [2m[     Thread-124][0;39m [36mo.s.s.concurrent.ThreadPoolTaskExecutor [0;39m [2m:[0;39m Shutting down ExecutorService 'applicationTaskExecutor'
[2m2021-05-26 23:53:58.943[0;39m [33m WARN[0;39m [35m1436[0;39m [2m---[0;39m [2m[  restartedMain][0;39m [36mo.m.s.mapper.ClassPathMapperScanner     [0;39m [2m:[0;39m No MyBatis mapper was found in '[com.ssafy.happyhouse]' package. Please check your configuration.
[2m2021-05-26 23:53:59.002[0;39m [32m INFO[0;39m [35m1436[0;39m [2m---[0;39m [2m[  restartedMain][0;39m [36mo.s.b.w.embedded.tomcat.TomcatWebServer [0;39m [2m:[0;39m Tomcat initialized with port(s): 8100 (http)
[2m2021-05-26 23:53:59.045[0;39m [32m INFO[0;39m [35m1436[0;39m [2m---[0;39m [2m[  restartedMain][0;39m [36mw.s.c.ServletWebServerApplicationContext[0;39m [2m:[0;39m Root WebApplicationContext: initialization completed in 394 ms
[2m2021-05-26 23:53:59.168[0;39m [32m INFO[0;39m [35m1436[0;39m [2m---[0;39m [2m[  restartedMain][0;39m [36mo.s.s.concurrent.ThreadPoolTaskExecutor [0;39m [2m:[0;39m Initializing ExecutorService 'applicationTaskExecutor'
[2m2021-05-26 23:53:59.172[0;39m [32m INFO[0;39m [35m1436[0;39m [2m---[0;39m [2m[  restartedMain][0;39m [36mo.s.b.d.a.OptionalLiveReloadServer      [0;39m [2m:[0;39m LiveReload server is running on port 35729
[2m2021-05-26 23:53:59.208[0;39m [32m INFO[0;39m [35m1436[0;39m [2m---[0;39m [2m[  restartedMain][0;39m [36mo.s.b.w.embedded.tomcat.TomcatWebServer [0;39m [2m:[0;39m Tomcat started on port(s): 8100 (http) with context path '/happyhouse_final'
[2m2021-05-26 23:53:59.251[0;39m [32m INFO[0;39m [35m1436[0;39m [2m---[0;39m [2m[  restartedMain][0;39m [36m.ConditionEvaluationDeltaLoggingListener[0;39m [2m:[0;39m Condition evaluation unchanged
[2m2021-05-26 23:53:59.645[0;39m [32m INFO[0;39m [35m1436[0;39m [2m---[0;39m [2m[nio-8100-exec-1][0;39m [36mo.s.web.servlet.DispatcherServlet       [0;39m [2m:[0;39m Initializing Servlet 'dispatcherServlet'
[2m2021-05-26 23:53:59.647[0;39m [32m INFO[0;39m [35m1436[0;39m [2m---[0;39m [2m[nio-8100-exec-1][0;39m [36mo.s.web.servlet.DispatcherServlet       [0;39m [2m:[0;39m Completed initialization in 1 ms
