[2m2021-05-22 16:47:55.605[0;39m [32m INFO[0;39m [35m17348[0;39m [2m---[0;39m [2m[  restartedMain][0;39m [36m.e.DevToolsPropertyDefaultsPostProcessor[0;39m [2m:[0;39m Devtools property defaults active! Set 'spring.devtools.add-properties' to 'false' to disable
[2m2021-05-22 16:47:55.609[0;39m [32m INFO[0;39m [35m17348[0;39m [2m---[0;39m [2m[  restartedMain][0;39m [36m.e.DevToolsPropertyDefaultsPostProcessor[0;39m [2m:[0;39m For additional web related logging consider setting the 'logging.level.web' property to 'DEBUG'
[2m2021-05-22 16:47:56.290[0;39m [33m WARN[0;39m [35m17348[0;39m [2m---[0;39m [2m[  restartedMain][0;39m [36mo.m.s.mapper.ClassPathMapperScanner     [0;39m [2m:[0;39m No MyBatis mapper was found in '[com.ssafy.happyhouse]' package. Please check your configuration.
[2m2021-05-22 16:47:56.590[0;39m [32m INFO[0;39m [35m17348[0;39m [2m---[0;39m [2m[  restartedMain][0;39m [36mo.s.b.w.embedded.tomcat.TomcatWebServer [0;39m [2m:[0;39m Tomcat initialized with port(s): 8080 (http)
[2m2021-05-22 16:47:56.773[0;39m [32m INFO[0;39m [35m17348[0;39m [2m---[0;39m [2m[  restartedMain][0;39m [36mw.s.c.ServletWebServerApplicationContext[0;39m [2m:[0;39m Root WebApplicationContext: initialization completed in 1163 ms
[2m2021-05-22 16:47:57.323[0;39m [32m INFO[0;39m [35m17348[0;39m [2m---[0;39m [2m[  restartedMain][0;39m [36mo.s.s.concurrent.ThreadPoolTaskExecutor [0;39m [2m:[0;39m Initializing ExecutorService 'applicationTaskExecutor'
[2m2021-05-22 16:47:57.357[0;39m [32m INFO[0;39m [35m17348[0;39m [2m---[0;39m [2m[  restartedMain][0;39m [36mo.s.b.d.a.OptionalLiveReloadServer      [0;39m [2m:[0;39m LiveReload server is running on port 35729
[2m2021-05-22 16:47:57.476[0;39m [32m INFO[0;39m [35m17348[0;39m [2m---[0;39m [2m[  restartedMain][0;39m [36mo.s.b.w.embedded.tomcat.TomcatWebServer [0;39m [2m:[0;39m Tomcat started on port(s): 8080 (http) with context path '/happyhouse_final'
[2m2021-05-22 16:49:47.605[0;39m [32m INFO[0;39m [35m17348[0;39m [2m---[0;39m [2m[       Thread-5][0;39m [36mo.s.s.concurrent.ThreadPoolTaskExecutor [0;39m [2m:[0;39m Shutting down ExecutorService 'applicationTaskExecutor'
[2m2021-05-22 16:49:48.006[0;39m [33m WARN[0;39m [35m17348[0;39m [2m---[0;39m [2m[  restartedMain][0;39m [36mo.m.s.mapper.ClassPathMapperScanner     [0;39m [2m:[0;39m No MyBatis mapper was found in '[com.ssafy.happyhouse]' package. Please check your configuration.
[2m2021-05-22 16:49:48.068[0;39m [32m INFO[0;39m [35m17348[0;39m [2m---[0;39m [2m[  restartedMain][0;39m [36mo.s.b.w.embedded.tomcat.TomcatWebServer [0;39m [2m:[0;39m Tomcat initialized with port(s): 8100 (http)
[2m2021-05-22 16:49:48.121[0;39m [32m INFO[0;39m [35m17348[0;39m [2m---[0;39m [2m[  restartedMain][0;39m [36mw.s.c.ServletWebServerApplicationContext[0;39m [2m:[0;39m Root WebApplicationContext: initialization completed in 395 ms
[2m2021-05-22 16:49:48.264[0;39m [32m INFO[0;39m [35m17348[0;39m [2m---[0;39m [2m[  restartedMain][0;39m [36mo.s.s.concurrent.ThreadPoolTaskExecutor [0;39m [2m:[0;39m Initializing ExecutorService 'applicationTaskExecutor'
[2m2021-05-22 16:49:48.269[0;39m [32m INFO[0;39m [35m17348[0;39m [2m---[0;39m [2m[  restartedMain][0;39m [36mo.s.b.d.a.OptionalLiveReloadServer      [0;39m [2m:[0;39m LiveReload server is running on port 35729
[2m2021-05-22 16:49:48.305[0;39m [32m INFO[0;39m [35m17348[0;39m [2m---[0;39m [2m[  restartedMain][0;39m [36mo.s.b.w.embedded.tomcat.TomcatWebServer [0;39m [2m:[0;39m Tomcat started on port(s): 8100 (http) with context path '/happyhouse_final'
[2m2021-05-22 16:49:48.363[0;39m [32m INFO[0;39m [35m17348[0;39m [2m---[0;39m [2m[  restartedMain][0;39m [36m.ConditionEvaluationDeltaLoggingListener[0;39m [2m:[0;39m Condition evaluation unchanged
[2m2021-05-22 16:49:57.090[0;39m [32m INFO[0;39m [35m17348[0;39m [2m---[0;39m [2m[       Thread-9][0;39m [36mo.s.s.concurrent.ThreadPoolTaskExecutor [0;39m [2m:[0;39m Shutting down ExecutorService 'applicationTaskExecutor'
[2m2021-05-22 16:49:57.459[0;39m [33m WARN[0;39m [35m17348[0;39m [2m---[0;39m [2m[  restartedMain][0;39m [36mo.m.s.mapper.ClassPathMapperScanner     [0;39m [2m:[0;39m No MyBatis mapper was found in '[com.ssafy.happyhouse]' package. Please check your configuration.
[2m2021-05-22 16:49:57.487[0;39m [32m INFO[0;39m [35m17348[0;39m [2m---[0;39m [2m[  restartedMain][0;39m [36mo.s.b.w.embedded.tomcat.TomcatWebServer [0;39m [2m:[0;39m Tomcat initialized with port(s): 8100 (http)
[2m2021-05-22 16:49:57.530[0;39m [32m INFO[0;39m [35m17348[0;39m [2m---[0;39m [2m[  restartedMain][0;39m [36mw.s.c.ServletWebServerApplicationContext[0;39m [2m:[0;39m Root WebApplicationContext: initialization completed in 301 ms
[2m2021-05-22 16:49:57.649[0;39m [32m INFO[0;39m [35m17348[0;39m [2m---[0;39m [2m[  restartedMain][0;39m [36mo.s.s.concurrent.ThreadPoolTaskExecutor [0;39m [2m:[0;39m Initializing ExecutorService 'applicationTaskExecutor'
[2m2021-05-22 16:49:57.653[0;39m [32m INFO[0;39m [35m17348[0;39m [2m---[0;39m [2m[  restartedMain][0;39m [36mo.s.b.d.a.OptionalLiveReloadServer      [0;39m [2m:[0;39m LiveReload server is running on port 35729
[2m2021-05-22 16:49:57.684[0;39m [32m INFO[0;39m [35m17348[0;39m [2m---[0;39m [2m[  restartedMain][0;39m [36mo.s.b.w.embedded.tomcat.TomcatWebServer [0;39m [2m:[0;39m Tomcat started on port(s): 8100 (http) with context path '/happyhouse_final'
[2m2021-05-22 16:49:57.732[0;39m [32m INFO[0;39m [35m17348[0;39m [2m---[0;39m [2m[  restartedMain][0;39m [36m.ConditionEvaluationDeltaLoggingListener[0;39m [2m:[0;39m Condition evaluation unchanged
[2m2021-05-22 16:50:02.948[0;39m [32m INFO[0;39m [35m17348[0;39m [2m---[0;39m [2m[nio-8100-exec-1][0;39m [36mo.s.web.servlet.DispatcherServlet       [0;39m [2m:[0;39m Initializing Servlet 'dispatcherServlet'
[2m2021-05-22 16:50:02.950[0;39m [32m INFO[0;39m [35m17348[0;39m [2m---[0;39m [2m[nio-8100-exec-1][0;39m [36mo.s.web.servlet.DispatcherServlet       [0;39m [2m:[0;39m Completed initialization in 1 ms
[2m2021-05-22 22:04:05.962[0;39m [33m WARN[0;39m [35m17348[0;39m [2m---[0;39m [2m[l-1 housekeeper][0;39m [36mcom.zaxxer.hikari.pool.HikariPool       [0;39m [2m:[0;39m HikariPool-1 - Thread starvation or clock leap detected (housekeeper delta=4h17m56s993ms997µs900ns).
